This is pdfTeX, Version 3.141592653-2.6-1.40.25 (TeX Live 2023/Fedora 40) (preloaded format=pdflatex 2024.6.18)  14 JUL 2024 16:56
entering extended mode
 restricted \write18 enabled.
 %&-line parsing enabled.
**ieee.tex
(./ieee.tex
LaTeX2e <2022-11-01> patch level 1
L3 programming layer <2023-02-22> (./IEEEtran.cls
Document Class: IEEEtran 2015/08/26 V1.8b by Michael Shell
-- See the "IEEEtran_HOWTO" manual for usage information.
-- http://www.michaelshell.org/tex/ieeetran/
\@IEEEtrantmpdimenA=\dimen140
\@IEEEtrantmpdimenB=\dimen141
\@IEEEtrantmpdimenC=\dimen142
\@IEEEtrantmpcountA=\count185
\@IEEEtrantmpcountB=\count186
\@IEEEtrantmpcountC=\count187
\@IEEEtrantmptoksA=\toks16
LaTeX Font Info:    Trying to load font information for OT1+ptm on input line 5
03.
(/usr/share/texlive/texmf-dist/tex/latex/psnfss/ot1ptm.fd
File: ot1ptm.fd 2001/06/04 font definitions for OT1/ptm.
)
** ATTENTION: Single column mode is not typically used with IEEE publications.
-- Using 8.5in x 11in (letter) paper.
-- Using PDF output.
\@IEEEnormalsizeunitybaselineskip=\dimen143
-- This is a 10 point document.
\CLASSINFOnormalsizebaselineskip=\dimen144
\CLASSINFOnormalsizeunitybaselineskip=\dimen145
\IEEEnormaljot=\dimen146
LaTeX Font Info:    Font shape `OT1/ptm/bx/n' in size <5> not available
(Font)              Font shape `OT1/ptm/b/n' tried instead on input line 1090.
LaTeX Font Info:    Font shape `OT1/ptm/bx/it' in size <5> not available
(Font)              Font shape `OT1/ptm/b/it' tried instead on input line 1090.

LaTeX Font Info:    Font shape `OT1/ptm/bx/n' in size <7> not available
(Font)              Font shape `OT1/ptm/b/n' tried instead on input line 1090.
LaTeX Font Info:    Font shape `OT1/ptm/bx/it' in size <7> not available
(Font)              Font shape `OT1/ptm/b/it' tried instead on input line 1090.

LaTeX Font Info:    Font shape `OT1/ptm/bx/n' in size <8> not available
(Font)              Font shape `OT1/ptm/b/n' tried instead on input line 1090.
LaTeX Font Info:    Font shape `OT1/ptm/bx/it' in size <8> not available
(Font)              Font shape `OT1/ptm/b/it' tried instead on input line 1090.

LaTeX Font Info:    Font shape `OT1/ptm/bx/n' in size <9> not available
(Font)              Font shape `OT1/ptm/b/n' tried instead on input line 1090.
LaTeX Font Info:    Font shape `OT1/ptm/bx/it' in size <9> not available
(Font)              Font shape `OT1/ptm/b/it' tried instead on input line 1090.

LaTeX Font Info:    Font shape `OT1/ptm/bx/n' in size <10> not available
(Font)              Font shape `OT1/ptm/b/n' tried instead on input line 1090.
LaTeX Font Info:    Font shape `OT1/ptm/bx/it' in size <10> not available
(Font)              Font shape `OT1/ptm/b/it' tried instead on input line 1090.

LaTeX Font Info:    Font shape `OT1/ptm/bx/n' in size <11> not available
(Font)              Font shape `OT1/ptm/b/n' tried instead on input line 1090.
LaTeX Font Info:    Font shape `OT1/ptm/bx/it' in size <11> not available
(Font)              Font shape `OT1/ptm/b/it' tried instead on input line 1090.

LaTeX Font Info:    Font shape `OT1/ptm/bx/n' in size <12> not available
(Font)              Font shape `OT1/ptm/b/n' tried instead on input line 1090.
LaTeX Font Info:    Font shape `OT1/ptm/bx/it' in size <12> not available
(Font)              Font shape `OT1/ptm/b/it' tried instead on input line 1090.

LaTeX Font Info:    Font shape `OT1/ptm/bx/n' in size <17> not available
(Font)              Font shape `OT1/ptm/b/n' tried instead on input line 1090.
LaTeX Font Info:    Font shape `OT1/ptm/bx/it' in size <17> not available
(Font)              Font shape `OT1/ptm/b/it' tried instead on input line 1090.

LaTeX Font Info:    Font shape `OT1/ptm/bx/n' in size <20> not available
(Font)              Font shape `OT1/ptm/b/n' tried instead on input line 1090.
LaTeX Font Info:    Font shape `OT1/ptm/bx/it' in size <20> not available
(Font)              Font shape `OT1/ptm/b/it' tried instead on input line 1090.

LaTeX Font Info:    Font shape `OT1/ptm/bx/n' in size <24> not available
(Font)              Font shape `OT1/ptm/b/n' tried instead on input line 1090.
LaTeX Font Info:    Font shape `OT1/ptm/bx/it' in size <24> not available
(Font)              Font shape `OT1/ptm/b/it' tried instead on input line 1090.

\IEEEquantizedlength=\dimen147
\IEEEquantizedlengthdiff=\dimen148
\IEEEquantizedtextheightdiff=\dimen149
\IEEEilabelindentA=\dimen150
\IEEEilabelindentB=\dimen151
\IEEEilabelindent=\dimen152
\IEEEelabelindent=\dimen153
\IEEEdlabelindent=\dimen154
\IEEElabelindent=\dimen155
\IEEEiednormlabelsep=\dimen156
\IEEEiedmathlabelsep=\dimen157
\IEEEiedtopsep=\skip48
\c@section=\count188
\c@subsection=\count189
\c@subsubsection=\count190
\c@paragraph=\count191
\c@IEEEsubequation=\count192
\abovecaptionskip=\skip49
\belowcaptionskip=\skip50
\c@figure=\count193
\c@table=\count194
\@IEEEeqnnumcols=\count195
\@IEEEeqncolcnt=\count196
\@IEEEsubeqnnumrollback=\count197
\@IEEEquantizeheightA=\dimen158
\@IEEEquantizeheightB=\dimen159
\@IEEEquantizeheightC=\dimen160
\@IEEEquantizeprevdepth=\dimen161
\@IEEEquantizemultiple=\count198
\@IEEEquantizeboxA=\box51
\@IEEEtmpitemindent=\dimen162
\IEEEPARstartletwidth=\dimen163
\c@IEEEbiography=\count199
\@IEEEtranrubishbin=\box52
)
** ATTENTION: Overriding command lockouts (line 2).
(/usr/share/texlive/texmf-dist/tex/latex/cite/cite.sty
LaTeX Info: Redefining \cite on input line 302.
LaTeX Info: Redefining \nocite on input line 332.
Package: cite 2015/02/27  v 5.5
)
(/usr/share/texlive/texmf-dist/tex/latex/amsmath/amsmath.sty
Package: amsmath 2022/04/08 v2.17n AMS math features
\@mathmargin=\skip51

For additional information on amsmath, use the `?' option.
(/usr/share/texlive/texmf-dist/tex/latex/amsmath/amstext.sty
Package: amstext 2021/08/26 v2.01 AMS text

(/usr/share/texlive/texmf-dist/tex/latex/amsmath/amsgen.sty
File: amsgen.sty 1999/11/30 v2.0 generic functions
\@emptytoks=\toks17
\ex@=\dimen164
))
(/usr/share/texlive/texmf-dist/tex/latex/amsmath/amsbsy.sty
Package: amsbsy 1999/11/29 v1.2d Bold Symbols
\pmbraise@=\dimen165
)
(/usr/share/texlive/texmf-dist/tex/latex/amsmath/amsopn.sty
Package: amsopn 2022/04/08 v2.04 operator names
)
\inf@bad=\count266
LaTeX Info: Redefining \frac on input line 234.
\uproot@=\count267
\leftroot@=\count268
LaTeX Info: Redefining \overline on input line 399.
LaTeX Info: Redefining \colon on input line 410.
\classnum@=\count269
\DOTSCASE@=\count270
LaTeX Info: Redefining \ldots on input line 496.
LaTeX Info: Redefining \dots on input line 499.
LaTeX Info: Redefining \cdots on input line 620.
\Mathstrutbox@=\box53
\strutbox@=\box54
LaTeX Info: Redefining \big on input line 722.
LaTeX Info: Redefining \Big on input line 723.
LaTeX Info: Redefining \bigg on input line 724.
LaTeX Info: Redefining \Bigg on input line 725.
\big@size=\dimen166
LaTeX Font Info:    Redeclaring font encoding OML on input line 743.
LaTeX Font Info:    Redeclaring font encoding OMS on input line 744.
\macc@depth=\count271
LaTeX Info: Redefining \bmod on input line 905.
LaTeX Info: Redefining \pmod on input line 910.
LaTeX Info: Redefining \smash on input line 940.
LaTeX Info: Redefining \relbar on input line 970.
LaTeX Info: Redefining \Relbar on input line 971.
\c@MaxMatrixCols=\count272
\dotsspace@=\muskip16
\c@parentequation=\count273
\dspbrk@lvl=\count274
\tag@help=\toks18
\row@=\count275
\column@=\count276
\maxfields@=\count277
\andhelp@=\toks19
\eqnshift@=\dimen167
\alignsep@=\dimen168
\tagshift@=\dimen169
\tagwidth@=\dimen170
\totwidth@=\dimen171
\lineht@=\dimen172
\@envbody=\toks20
\multlinegap=\skip52
\multlinetaggap=\skip53
\mathdisplay@stack=\toks21
LaTeX Info: Redefining \[ on input line 2953.
LaTeX Info: Redefining \] on input line 2954.
)
(/usr/share/texlive/texmf-dist/tex/latex/amsfonts/amssymb.sty
Package: amssymb 2013/01/14 v3.01 AMS font symbols

(/usr/share/texlive/texmf-dist/tex/latex/amsfonts/amsfonts.sty
Package: amsfonts 2013/01/14 v3.01 Basic AMSFonts support
\symAMSa=\mathgroup4
\symAMSb=\mathgroup5
LaTeX Font Info:    Redeclaring math symbol \hbar on input line 98.
LaTeX Font Info:    Overwriting math alphabet `\mathfrak' in version `bold'
(Font)                  U/euf/m/n --> U/euf/b/n on input line 106.
))
(/usr/share/texlive/texmf-dist/tex/latex/algorithms/algorithmic.sty
Package: algorithmic 2009/08/24 v0.1 Document Style `algorithmic'

(/usr/share/texlive/texmf-dist/tex/latex/base/ifthen.sty
Package: ifthen 2022/04/13 v1.1d Standard LaTeX ifthen package (DPC)
)
(/usr/share/texlive/texmf-dist/tex/latex/graphics/keyval.sty
Package: keyval 2022/05/29 v1.15 key=value parser (DPC)
\KV@toks@=\toks22
)
\c@ALC@unique=\count278
\c@ALC@line=\count279
\c@ALC@rem=\count280
\c@ALC@depth=\count281
\ALC@tlm=\skip54
\algorithmicindent=\skip55
)
(/usr/share/texlive/texmf-dist/tex/latex/graphics/graphicx.sty
Package: graphicx 2021/09/16 v1.2d Enhanced LaTeX Graphics (DPC,SPQR)

(/usr/share/texlive/texmf-dist/tex/latex/graphics/graphics.sty
Package: graphics 2022/03/10 v1.4e Standard LaTeX Graphics (DPC,SPQR)

(/usr/share/texlive/texmf-dist/tex/latex/graphics/trig.sty
Package: trig 2021/08/11 v1.11 sin cos tan (DPC)
)
(/usr/share/texlive/texmf-dist/tex/latex/graphics-cfg/graphics.cfg
File: graphics.cfg 2016/06/04 v1.11 sample graphics configuration
)
Package graphics Info: Driver file: pdftex.def on input line 107.

(/usr/share/texlive/texmf-dist/tex/latex/graphics-def/pdftex.def
File: pdftex.def 2022/09/22 v1.2b Graphics/color driver for pdftex
))
\Gin@req@height=\dimen173
\Gin@req@width=\dimen174
)
(/usr/share/texlive/texmf-dist/tex/latex/base/textcomp.sty
Package: textcomp 2020/02/02 v2.0n Standard LaTeX package
)
(/usr/share/texlive/texmf-dist/tex/latex/xcolor/xcolor.sty
Package: xcolor 2022/06/12 v2.14 LaTeX color extensions (UK)

(/usr/share/texlive/texmf-dist/tex/latex/graphics-cfg/color.cfg
File: color.cfg 2016/01/02 v1.6 sample color configuration
)
Package xcolor Info: Driver file: pdftex.def on input line 227.

(/usr/share/texlive/texmf-dist/tex/latex/graphics/mathcolor.ltx)
Package xcolor Info: Model `cmy' substituted by `cmy0' on input line 1353.
Package xcolor Info: Model `hsb' substituted by `rgb' on input line 1357.
Package xcolor Info: Model `RGB' extended on input line 1369.
Package xcolor Info: Model `HTML' substituted by `rgb' on input line 1371.
Package xcolor Info: Model `Hsb' substituted by `hsb' on input line 1372.
Package xcolor Info: Model `tHsb' substituted by `hsb' on input line 1373.
Package xcolor Info: Model `HSB' substituted by `hsb' on input line 1374.
Package xcolor Info: Model `Gray' substituted by `gray' on input line 1375.
Package xcolor Info: Model `wave' substituted by `hsb' on input line 1376.
)
(/usr/share/texlive/texmf-dist/tex/latex/caption/subcaption.sty
Package: subcaption 2023/02/19 v1.6 Sub-captions (AR)

(/usr/share/texlive/texmf-dist/tex/latex/caption/caption.sty
Package: caption 2023/03/12 v3.6j Customizing captions (AR)

(/usr/share/texlive/texmf-dist/tex/latex/caption/caption3.sty
Package: caption3 2023/03/12 v2.4 caption3 kernel (AR)
\caption@tempdima=\dimen175
\captionmargin=\dimen176
\caption@leftmargin=\dimen177
\caption@rightmargin=\dimen178
\caption@width=\dimen179
\caption@indent=\dimen180
\caption@parindent=\dimen181
\caption@hangindent=\dimen182
Package caption Info: Unknown document class (or package),
(caption)             standard defaults will be used.
Package caption Info: \@makecaption = \long macro:#1#2->\ifx \@captype \@IEEEta
blestring \footnotesize \bgroup \par \centering \@IEEEtabletopskipstrut {\norma
lfont \footnotesize #1}\\{\normalfont \footnotesize \scshape #2}\par \addvspace
 {0.5\baselineskip }\egroup \@IEEEtablecaptionsepspace \else \@IEEEfigurecaptio
nsepspace \setbox \@tempboxa \hbox {\normalfont \footnotesize {#1.}\nobreakspac
e \nobreakspace #2}\ifdim \wd \@tempboxa >\hsize \setbox \@tempboxa \hbox {\nor
malfont \footnotesize {#1.}\nobreakspace \nobreakspace }\parbox [t]{\hsize }{\n
ormalfont \footnotesize \noindent \unhbox \@tempboxa #2}\else \ifCLASSOPTIONcon
ference \hbox to\hsize {\normalfont \footnotesize \hfil \box \@tempboxa \hfil }
\else \hbox to\hsize {\normalfont \footnotesize \box \@tempboxa \hfil }\fi \fi 
\fi  on input line 1176.
)

Package caption Warning: Unknown document class (or package),
(caption)                standard defaults will be used.
See the caption package documentation for explanation.

\c@caption@flags=\count282
\c@continuedfloat=\count283
)
Package caption Info: New subtype `subfigure' on input line 239.
\c@subfigure=\count284
Package caption Info: New subtype `subtable' on input line 239.
\c@subtable=\count285
) (/usr/share/texlive/texmf-dist/tex/latex/l3backend/l3backend-pdftex.def
File: l3backend-pdftex.def 2023-01-16 L3 backend support: PDF output (pdfTeX)
\l__color_backend_stack_int=\count286
\l__pdf_internal_box=\box55
)
(./ieee.aux

LaTeX Warning: Label `fig:decision_tree_1' multiply defined.


LaTeX Warning: Label `sub@fig:decision_tree_1' multiply defined.


LaTeX Warning: Label `fig:decision_tree_2' multiply defined.


LaTeX Warning: Label `sub@fig:decision_tree_2' multiply defined.


LaTeX Warning: Label `fig:decision_tree_3' multiply defined.


LaTeX Warning: Label `sub@fig:decision_tree_3' multiply defined.

)
\openout1 = `ieee.aux'.

LaTeX Font Info:    Checking defaults for OML/cmm/m/it on input line 13.
LaTeX Font Info:    ... okay on input line 13.
LaTeX Font Info:    Checking defaults for OMS/cmsy/m/n on input line 13.
LaTeX Font Info:    ... okay on input line 13.
LaTeX Font Info:    Checking defaults for OT1/cmr/m/n on input line 13.
LaTeX Font Info:    ... okay on input line 13.
LaTeX Font Info:    Checking defaults for T1/cmr/m/n on input line 13.
LaTeX Font Info:    ... okay on input line 13.
LaTeX Font Info:    Checking defaults for TS1/cmr/m/n on input line 13.
LaTeX Font Info:    ... okay on input line 13.
LaTeX Font Info:    Checking defaults for OMX/cmex/m/n on input line 13.
LaTeX Font Info:    ... okay on input line 13.
LaTeX Font Info:    Checking defaults for U/cmr/m/n on input line 13.
LaTeX Font Info:    ... okay on input line 13.

-- Lines per column: 56 (exact).
(/usr/share/texlive/texmf-dist/tex/context/base/mkii/supp-pdf.mkii
[Loading MPS to PDF converter (version 2006.09.02).]
\scratchcounter=\count287
\scratchdimen=\dimen183
\scratchbox=\box56
\nofMPsegments=\count288
\nofMParguments=\count289
\everyMPshowfont=\toks23
\MPscratchCnt=\count290
\MPscratchDim=\dimen184
\MPnumerator=\count291
\makeMPintoPDFobject=\count292
\everyMPtoPDFconversion=\toks24
) (/usr/share/texlive/texmf-dist/tex/latex/epstopdf-pkg/epstopdf-base.sty
Package: epstopdf-base 2020-01-24 v2.11 Base part for package epstopdf
Package epstopdf-base Info: Redefining graphics rule for `.eps' on input line 4
85.

(/usr/share/texlive/texmf-dist/tex/latex/latexconfig/epstopdf-sys.cfg
File: epstopdf-sys.cfg 2010/07/13 v1.3 Configuration of (r)epstopdf for TeX Liv
e
))
Package caption Info: Begin \AtBeginDocument code.
Package caption Info: End \AtBeginDocument code.
LaTeX Font Info:    Calculating math sizes for size <11> on input line 37.
LaTeX Font Info:    Trying to load font information for U+msa on input line 37.


(/usr/share/texlive/texmf-dist/tex/latex/amsfonts/umsa.fd
File: umsa.fd 2013/01/14 v3.01 AMS symbols A
)
LaTeX Font Info:    Trying to load font information for U+msb on input line 37.


(/usr/share/texlive/texmf-dist/tex/latex/amsfonts/umsb.fd
File: umsb.fd 2013/01/14 v3.01 AMS symbols B
) [1{/var/lib/texmf/fonts/map/pdftex/updmap/pdftex.map}{/usr/share/texlive/texm
f-dist/fonts/enc/dvips/base/8r.enc}]
<../../images/flow_chart.png, id=10, 1220.56pt x 2018.54124pt>
File: ../../images/flow_chart.png Graphic file (type png)
<use ../../images/flow_chart.png>
Package pdftex.def Info: ../../images/flow_chart.png  used on input line 59.
(pdftex.def)             Requested size: 417.95874pt x 691.22302pt.


LaTeX Warning: Float too large for page by 40.82306pt on input line 62.


Underfull \hbox (badness 10000) in paragraph at lines 65--66

 []

<../../images/decision_tree/confusion_matrix_heatmap.png, id=12, 462.528pt x 34
6.896pt>
File: ../../images/decision_tree/confusion_matrix_heatmap.png Graphic file (typ
e png)
<use ../../images/decision_tree/confusion_matrix_heatmap.png>
Package pdftex.def Info: ../../images/decision_tree/confusion_matrix_heatmap.pn
g  used on input line 71.
(pdftex.def)             Requested size: 170.28094pt x 127.70903pt.
<../../images/decision_tree/roc_curve.png, id=13, 462.528pt x 346.896pt>
File: ../../images/decision_tree/roc_curve.png Graphic file (type png)
<use ../../images/decision_tree/roc_curve.png>
Package pdftex.def Info: ../../images/decision_tree/roc_curve.png  used on inpu
t line 77.
(pdftex.def)             Requested size: 170.28094pt x 127.70903pt.
<../../images/decision_tree/precision_recall_curve.png, id=14, 462.528pt x 346.
896pt>
File: ../../images/decision_tree/precision_recall_curve.png Graphic file (type 
png)
<use ../../images/decision_tree/precision_recall_curve.png>
Package pdftex.def Info: ../../images/decision_tree/precision_recall_curve.png 
 used on input line 83.
(pdftex.def)             Requested size: 170.28094pt x 127.70903pt.
[2] [3 <../../images/flow_chart.png>]
<../../images/KNeighbors_classifier/confusion_matrix_heatmap.png, id=30, 462.52
8pt x 346.896pt>
File: ../../images/KNeighbors_classifier/confusion_matrix_heatmap.png Graphic f
ile (type png)
<use ../../images/KNeighbors_classifier/confusion_matrix_heatmap.png>
Package pdftex.def Info: ../../images/KNeighbors_classifier/confusion_matrix_he
atmap.png  used on input line 97.
(pdftex.def)             Requested size: 170.28094pt x 127.70903pt.
<../../images/KNeighbors_classifier/roc_curve.png, id=31, 462.528pt x 346.896pt
>
File: ../../images/KNeighbors_classifier/roc_curve.png Graphic file (type png)
<use ../../images/KNeighbors_classifier/roc_curve.png>
Package pdftex.def Info: ../../images/KNeighbors_classifier/roc_curve.png  used
 on input line 103.
(pdftex.def)             Requested size: 170.28094pt x 127.70903pt.
<../../images/KNeighbors_classifier/precision_recall_curve.png, id=32, 462.528p
t x 346.896pt>
File: ../../images/KNeighbors_classifier/precision_recall_curve.png Graphic fil
e (type png)
<use ../../images/KNeighbors_classifier/precision_recall_curve.png>
Package pdftex.def Info: ../../images/KNeighbors_classifier/precision_recall_cu
rve.png  used on input line 109.
(pdftex.def)             Requested size: 170.28094pt x 127.70903pt.

Underfull \hbox (badness 10000) in paragraph at lines 118--119

 []

[4 <../../images/decision_tree/confusion_matrix_heatmap.png> <../../images/deci
sion_tree/roc_curve.png> <../../images/decision_tree/precision_recall_curve.png
> <../../images/KNeighbors_classifier/confusion_matrix_heatmap.png> <../../imag
es/KNeighbors_classifier/roc_curve.png> <../../images/KNeighbors_classifier/pre
cision_recall_curve.png>]
<../../images/logistic_regression/confusion_matrix_heatmap.png, id=42, 462.528p
t x 346.896pt>
File: ../../images/logistic_regression/confusion_matrix_heatmap.png Graphic fil
e (type png)
<use ../../images/logistic_regression/confusion_matrix_heatmap.png>
Package pdftex.def Info: ../../images/logistic_regression/confusion_matrix_heat
map.png  used on input line 123.
(pdftex.def)             Requested size: 170.28094pt x 127.70903pt.

Underfull \hbox (badness 2762) in paragraph at lines 124--124
[]\OT1/ptm/m/n/9 (a) |Lo-gis-tic Re-gres-sion Con-fu-sion Ma-trix
 []

<../../images/logistic_regression/roc_curve.png, id=43, 462.528pt x 346.896pt>
File: ../../images/logistic_regression/roc_curve.png Graphic file (type png)
<use ../../images/logistic_regression/roc_curve.png>
Package pdftex.def Info: ../../images/logistic_regression/roc_curve.png  used o
n input line 129.
(pdftex.def)             Requested size: 170.28094pt x 127.70903pt.
<../../images/logistic_regression/precision_recall_curve.png, id=44, 462.528pt 
x 346.896pt>
File: ../../images/logistic_regression/precision_recall_curve.png Graphic file 
(type png)
<use ../../images/logistic_regression/precision_recall_curve.png>
Package pdftex.def Info: ../../images/logistic_regression/precision_recall_curv
e.png  used on input line 135.
(pdftex.def)             Requested size: 170.28094pt x 127.70903pt.

Underfull \hbox (badness 10000) in paragraph at lines 144--145

 []

File: ../../images/logistic_regression/confusion_matrix_heatmap.png Graphic fil
e (type png)
<use ../../images/logistic_regression/confusion_matrix_heatmap.png>
Package pdftex.def Info: ../../images/logistic_regression/confusion_matrix_heat
map.png  used on input line 149.
(pdftex.def)             Requested size: 170.28094pt x 127.70903pt.
File: ../../images/logistic_regression/roc_curve.png Graphic file (type png)
<use ../../images/logistic_regression/roc_curve.png>
Package pdftex.def Info: ../../images/logistic_regression/roc_curve.png  used o
n input line 155.
(pdftex.def)             Requested size: 170.28094pt x 127.70903pt.
File: ../../images/logistic_regression/precision_recall_curve.png Graphic file 
(type png)
<use ../../images/logistic_regression/precision_recall_curve.png>
Package pdftex.def Info: ../../images/logistic_regression/precision_recall_curv
e.png  used on input line 161.
(pdftex.def)             Requested size: 170.28094pt x 127.70903pt.

Underfull \hbox (badness 10000) in paragraph at lines 170--171

 []

[5 <../../images/logistic_regression/confusion_matrix_heatmap.png> <../../image
s/logistic_regression/roc_curve.png> <../../images/logistic_regression/precisio
n_recall_curve.png>]
<../../images/random_forest/confusion_matrix_heatmap.png, id=51, 462.528pt x 34
6.896pt>
File: ../../images/random_forest/confusion_matrix_heatmap.png Graphic file (typ
e png)
<use ../../images/random_forest/confusion_matrix_heatmap.png>
Package pdftex.def Info: ../../images/random_forest/confusion_matrix_heatmap.pn
g  used on input line 176.
(pdftex.def)             Requested size: 170.28094pt x 127.70903pt.
<../../images/random_forest/roc_curve.png, id=52, 462.528pt x 346.896pt>
File: ../../images/random_forest/roc_curve.png Graphic file (type png)
<use ../../images/random_forest/roc_curve.png>
Package pdftex.def Info: ../../images/random_forest/roc_curve.png  used on inpu
t line 182.
(pdftex.def)             Requested size: 170.28094pt x 127.70903pt.
<../../images/random_forest/precision_recall_curve.png, id=53, 462.528pt x 346.
896pt>
File: ../../images/random_forest/precision_recall_curve.png Graphic file (type 
png)
<use ../../images/random_forest/precision_recall_curve.png>
Package pdftex.def Info: ../../images/random_forest/precision_recall_curve.png 
 used on input line 188.
(pdftex.def)             Requested size: 170.28094pt x 127.70903pt.

Underfull \hbox (badness 10000) in paragraph at lines 197--198

 []

<../../images/svm/confusion_matrix_heatmap.png, id=54, 462.528pt x 346.896pt>
File: ../../images/svm/confusion_matrix_heatmap.png Graphic file (type png)
<use ../../images/svm/confusion_matrix_heatmap.png>
Package pdftex.def Info: ../../images/svm/confusion_matrix_heatmap.png  used on
 input line 202.
(pdftex.def)             Requested size: 170.28094pt x 127.70903pt.
<../../images/svm/roc_curve.png, id=55, 462.528pt x 346.896pt>
File: ../../images/svm/roc_curve.png Graphic file (type png)
<use ../../images/svm/roc_curve.png>
Package pdftex.def Info: ../../images/svm/roc_curve.png  used on input line 208
.
(pdftex.def)             Requested size: 170.28094pt x 127.70903pt.
<../../images/svm/precision_recall_curve.png, id=56, 462.528pt x 346.896pt>
File: ../../images/svm/precision_recall_curve.png Graphic file (type png)
<use ../../images/svm/precision_recall_curve.png>
Package pdftex.def Info: ../../images/svm/precision_recall_curve.png  used on i
nput line 214.
(pdftex.def)             Requested size: 170.28094pt x 127.70903pt.
[6 <../../images/random_forest/confusion_matrix_heatmap.png> <../../images/rand
om_forest/roc_curve.png> <../../images/random_forest/precision_recall_curve.png
>]
LaTeX Font Info:    Calculating math sizes for size <18> on input line 247.
 [7 <../../images/svm/confusion_matrix_heatmap.png> <../../images/svm/roc_curve
.png> <../../images/svm/precision_recall_curve.png>]
LaTeX Font Info:    Trying to load font information for TS1+ptm on input line 2
60.

(/usr/share/texlive/texmf-dist/tex/latex/psnfss/ts1ptm.fd
File: ts1ptm.fd 2001/06/04 font definitions for TS1/ptm.
)
Package textcomp Info: Symbol \textasciiacute not provided by
(textcomp)             font family ptm in TS1 encoding.
(textcomp)             Default family used instead on input line 265.
Package textcomp Info: Symbol \textasciiacute not provided by
(textcomp)             font family ptm in TS1 encoding.
(textcomp)             Default family used instead on input line 265.


** Conference Paper **
Before submitting the final camera ready copy, remember to:

 1. Manually equalize the lengths of two columns on the last page
 of your paper;

 2. Ensure that any PostScript and/or PDF output post-processing
 uses only Type 1 fonts and that every step in the generation
 process uses the appropriate paper size.

[8{/usr/share/texlive/texmf-dist/fonts/enc/dvips/cm-super/cm-super-ts1.enc}]
(./ieee.aux)

LaTeX Warning: There were multiply-defined labels.

 ) 
Here is how much of TeX's memory you used:
 5932 strings out of 477985
 102403 string characters out of 5839370
 1866388 words of memory out of 6000000
 26061 multiletter control sequences out of 15000+600000
 563322 words of font info for 142 fonts, out of 8000000 for 9000
 14 hyphenation exceptions out of 8191
 67i,11n,77p,2974b,474s stack positions out of 10000i,1000n,20000p,200000b,200000s
</usr/share/texlive/texmf-dist/fonts/type1/public/amsfonts/cm/cmex10.pfb></us
r/share/texlive/texmf-dist/fonts/type1/public/amsfonts/cm/cmmi10.pfb></usr/shar
e/texlive/texmf-dist/fonts/type1/public/amsfonts/cm/cmmi7.pfb></usr/share/texli
ve/texmf-dist/fonts/type1/public/amsfonts/cm/cmr10.pfb></usr/share/texlive/texm
f-dist/fonts/type1/public/amsfonts/cm/cmr7.pfb></usr/share/texlive/texmf-dist/f
onts/type1/public/amsfonts/cm/cmsy10.pfb></usr/share/texlive/texmf-dist/fonts/t
ype1/public/amsfonts/cm/cmsy7.pfb></usr/share/texlive/texmf-dist/fonts/type1/pu
blic/amsfonts/cm/cmsy8.pfb></usr/share/texlive/texmf-dist/fonts/type1/public/cm
-super/sfrm0800.pfb></usr/share/texlive/texmf-dist/fonts/type1/urw/times/utmb8a
.pfb></usr/share/texlive/texmf-dist/fonts/type1/urw/times/utmbi8a.pfb></usr/sha
re/texlive/texmf-dist/fonts/type1/urw/times/utmr8a.pfb></usr/share/texlive/texm
f-dist/fonts/type1/urw/times/utmri8a.pfb>
Output written on ieee.pdf (8 pages, 565559 bytes).
PDF statistics:
 131 PDF objects out of 1000 (max. 8388607)
 62 compressed objects within 1 object stream
 0 named destinations out of 1000 (max. 500000)
 81 words of extra memory for PDF output out of 10000 (max. 10000000)

